<?xml version="1.0" encoding="UTF-8"?>
<!-- Generated by org.testng.reporters.JUnitReportReporter -->
<testsuite hostname="DESKTOP-2LCA7JS" failures="0" tests="2" name="com.aiite.pageexecution.CheckoutPageExecution" time="13.151" errors="0" timestamp="26 May 2024 03:55:36 GMT" skipped="0">
  <testcase classname="com.aiite.pageexecution.CheckoutPageExecution" name="mobileSearch" time="6.076"/>
  <testcase classname="com.aiite.pageexecution.CheckoutPageExecution" name="laptopSearch" time="7.075"/>
</testsuite> <!-- com.aiite.pageexecution.CheckoutPageExecution -->
