<?xml version="1.0" encoding="UTF-8"?>
<!-- Generated by org.testng.reporters.JUnitReportReporter -->
<testsuite hostname="DESKTOP-2LCA7JS" failures="0" tests="5" name="com.aiite.pageexecution.LoginPageExecution" time="19.161" errors="0" timestamp="26 May 2024 03:49:06 GMT" skipped="2">
  <testcase classname="com.aiite.pageexecution.LoginPageExecution" name="loginWithValidCredentialMultiple" time="5.977"/>
  <testcase classname="com.aiite.pageexecution.LoginPageExecution" name="loginWithValidCredentialMultiple" time="6.289"/>
  <testcase classname="com.aiite.pageexecution.LoginPageExecution" name="loginWithValidCredentialMultiple" time="6.895"/>
  <testcase classname="com.aiite.pageexecution.LoginPageExecution" name="loginWithValidCredential">
    <skipped/>
  </testcase> <!-- loginWithValidCredential -->
  <testcase classname="com.aiite.pageexecution.LoginPageExecution" name="loginWithInvalidCredential">
    <skipped/>
  </testcase> <!-- loginWithInvalidCredential -->
</testsuite> <!-- com.aiite.pageexecution.LoginPageExecution -->
